  [4;36;1mSQL (0.1ms)[0m   [0;1mSET NAMES 'utf8'[0m
  [4;35;1mSQL (0.1ms)[0m   [0mSET SQL_AUTO_IS_NULL=0[0m
  [4;36;1mSQL (0.2ms)[0m   [0;1mSHOW TABLES[0m
  [4;35;1mSQL (87.8ms)[0m   [0mCREATE TABLE `sessions` (`id` int(11) DEFAULT NULL auto_increment PRIMARY KEY, `session_id` varchar(255) NOT NULL, `data` text, `created_at` datetime, `updated_at` datetime) ENGINE=InnoDB[0m
  [4;36;1mSQL (176.8ms)[0m   [0;1mCREATE INDEX `index_sessions_on_session_id` ON `sessions` (`session_id`)[0m
  [4;35;1mSQL (184.9ms)[0m   [0mCREATE INDEX `index_sessions_on_updated_at` ON `sessions` (`updated_at`)[0m
  [4;36;1mSQL (0.3ms)[0m   [0;1mSHOW TABLES[0m
  [4;35;1mSQL (91.2ms)[0m   [0mCREATE TABLE `users` (`id` int(11) DEFAULT NULL auto_increment PRIMARY KEY, `login` varchar(255), `email` varchar(255), `crypted_password` varchar(255), `password_salt` varchar(255), `persistence_token` varchar(255), `single_access_token` varchar(255), `perishable_token` varchar(255), `login_count` int(11), `failed_login_count` int(11), `last_request_at` datetime, `current_login_at` datetime, `last_login_at` datetime, `current_login_ip` varchar(255), `last_login_ip` varchar(255), `created_at` datetime, `updated_at` datetime) ENGINE=InnoDB[0m
  [4;36;1mSQL (0.2ms)[0m   [0;1mSHOW TABLES[0m
  [4;35;1mSQL (91.9ms)[0m   [0mCREATE TABLE `schema_migrations` (`version` varchar(255) NOT NULL) ENGINE=InnoDB[0m
  [4;36;1mSQL (144.5ms)[0m   [0;1mCREATE UNIQUE INDEX `unique_schema_migrations` ON `schema_migrations` (`version`)[0m
  [4;35;1mSQL (0.3ms)[0m   [0mSHOW TABLES[0m
  [4;36;1mSQL (0.2ms)[0m   [0;1mSELECT version FROM `schema_migrations`[0m
  [4;35;1mSQL (23.9ms)[0m   [0mINSERT INTO `schema_migrations` (version) VALUES ('20100617153111')[0m
  [4;36;1mSQL (0.1ms)[0m   [0;1mSET NAMES 'utf8'[0m
  [4;35;1mSQL (0.1ms)[0m   [0mSET SQL_AUTO_IS_NULL=0[0m


Processing HomeController#index (for 127.0.0.1 at 2010-06-17 14:49:30) [GET]
  Parameters: {"controller"=>"home", "action"=>"index"}
Rendering template within layouts/application
Rendering home/index

ActionView::TemplateError (uninitialized constant Authlogic) on line #2 of app/views/home/_login.html.erb:
1: <div id="login">
2: <% if current_user %>
3: Welcome <%= current_user.login %> [<%= link_to "My Account", account_url %> | <%= link_to "Logout", "/user_sessions/destroy" %>]
4: <% else %>
5: [<%= link_to "Login", "/user_sessions/new" %> | <%= link_to "Register", "/users/new" %>]

    app/models/user_session.rb:1:in `<top (required)>'
    app/controllers/application_controller.rb:12:in `current_user_session'
    app/controllers/application_controller.rb:17:in `current_user'
    (eval):2:in `current_user'
    app/views/home/_login.html.erb:2
    app/views/layouts/application.html.erb:21
    <internal:prelude>:8:in `synchronize'
    /usr/lib/ruby/1.9.1/webrick/httpserver.rb:111:in `service'
    /usr/lib/ruby/1.9.1/webrick/httpserver.rb:70:in `run'
    /usr/lib/ruby/1.9.1/webrick/server.rb:183:in `block in start_thread'

Rendered rescues/_trace (111.5ms)
Rendered rescues/_request_and_response (1.1ms)
Rendering rescues/layout (internal_server_error)
  [4;36;1mSQL (0.1ms)[0m   [0;1mSET NAMES 'utf8'[0m
  [4;35;1mSQL (0.1ms)[0m   [0mSET SQL_AUTO_IS_NULL=0[0m


Processing HomeController#index (for 127.0.0.1 at 2010-06-17 14:52:05) [GET]
  Parameters: {"controller"=>"home", "action"=>"index"}
Rendering template within layouts/application
Rendering home/index
  [4;36;1mUser Columns (0.9ms)[0m   [0;1mSHOW FIELDS FROM `users`[0m
Rendered home/_login (19.0ms)
Completed in 81ms (View: 78, DB: 1) | 200 OK [http://localhost/]
  [4;35;1mSQL (0.1ms)[0m   [0mSET NAMES 'utf8'[0m
  [4;36;1mSQL (0.1ms)[0m   [0;1mSET SQL_AUTO_IS_NULL=0[0m


Processing ApplicationController#index (for 127.0.0.1 at 2010-06-17 14:52:05) [GET]

ActionController::RoutingError (No route matches "/css/box.jpg" with {:method=>:get}):
  <internal:prelude>:8:in `synchronize'
  /usr/lib/ruby/1.9.1/webrick/httpserver.rb:111:in `service'
  /usr/lib/ruby/1.9.1/webrick/httpserver.rb:70:in `run'
  /usr/lib/ruby/1.9.1/webrick/server.rb:183:in `block in start_thread'

Rendering rescues/layout (not_found)
  [4;35;1mSQL (0.1ms)[0m   [0mSET NAMES 'utf8'[0m
  [4;36;1mSQL (0.1ms)[0m   [0;1mSET SQL_AUTO_IS_NULL=0[0m


Processing UsersController#new (for 127.0.0.1 at 2010-06-17 14:52:10) [GET]
  Parameters: {"controller"=>"users", "action"=>"new"}
  [4;35;1mUser Columns (0.8ms)[0m   [0mSHOW FIELDS FROM `users`[0m
Rendering template within layouts/application
Rendering users/new
Rendered users/_form (1.5ms)
Rendered home/_login (0.1ms)
Completed in 30ms (View: 19, DB: 1) | 200 OK [http://localhost/users/new]
  [4;36;1mSQL (0.1ms)[0m   [0;1mSET NAMES 'utf8'[0m
  [4;35;1mSQL (0.1ms)[0m   [0mSET SQL_AUTO_IS_NULL=0[0m


Processing ApplicationController#index (for 127.0.0.1 at 2010-06-17 14:52:10) [GET]

ActionController::RoutingError (No route matches "/css/box.jpg" with {:method=>:get}):
  <internal:prelude>:8:in `synchronize'
  /usr/lib/ruby/1.9.1/webrick/httpserver.rb:111:in `service'
  /usr/lib/ruby/1.9.1/webrick/httpserver.rb:70:in `run'
  /usr/lib/ruby/1.9.1/webrick/server.rb:183:in `block in start_thread'

Rendering rescues/layout (not_found)
  [4;36;1mSQL (0.1ms)[0m   [0;1mSET NAMES 'utf8'[0m
  [4;35;1mSQL (0.1ms)[0m   [0mSET SQL_AUTO_IS_NULL=0[0m


Processing UsersController#create (for 127.0.0.1 at 2010-06-17 14:52:19) [POST]
  Parameters: {"user"=>{"login"=>"jhardman", "email"=>"jori@u.northwestern.edu", "password"=>"[FILTERED]", "password_confirmation"=>"[FILTERED]"}, "commit"=>"Register", "controller"=>"users", "action"=>"create"}
  [4;36;1mUser Columns (0.7ms)[0m   [0;1mSHOW FIELDS FROM `users`[0m
  [4;35;1mSQL (0.1ms)[0m   [0mBEGIN[0m
  [4;36;1mUser Load (21.7ms)[0m   [0;1mSELECT `users`.id FROM `users` WHERE (LOWER(`users`.`email`) = BINARY 'jori@u.northwestern.edu') LIMIT 1[0m
  [4;35;1mUser Load (0.2ms)[0m   [0mSELECT `users`.id FROM `users` WHERE (LOWER(`users`.`login`) = BINARY 'jhardman') LIMIT 1[0m
  [4;36;1mUser Load (0.1ms)[0m   [0;1mSELECT `users`.id FROM `users` WHERE (`users`.`persistence_token` = BINARY '99b225a402c6a1f3b912f9c37a2a91c66640a730efb2161fc890d49819bf75baf79c37b8ead48ea581c2a9383add25459d9d60a972452f92be9252c08d67d8fe') LIMIT 1[0m
  [4;35;1mUser Load (0.1ms)[0m   [0mSELECT `users`.id FROM `users` WHERE (`users`.`single_access_token` = BINARY 'c1v50PIAO6LfLOBNsM38') LIMIT 1[0m
  [4;36;1mUser Create (0.3ms)[0m   [0;1mINSERT INTO `users` (`login`, `email`, `crypted_password`, `password_salt`, `persistence_token`, `single_access_token`, `perishable_token`, `login_count`, `failed_login_count`, `last_request_at`, `current_login_at`, `last_login_at`, `current_login_ip`, `last_login_ip`, `created_at`, `updated_at`) VALUES('jhardman', 'jori@u.northwestern.edu', '38dcec390a90c509a13c5c2d6edc145a22eef59ef0f3c789e370fee9bc3c07af383c81aff4aaae651c059d34f1b2ee147154170567378cff6b477aef75d5869f', 'yqNPKkIIHeyx8-p66ILo', '99b225a402c6a1f3b912f9c37a2a91c66640a730efb2161fc890d49819bf75baf79c37b8ead48ea581c2a9383add25459d9d60a972452f92be9252c08d67d8fe', 'c1v50PIAO6LfLOBNsM38', 'tsckdXFxXHwFZrlQfRhd', 1, 0, '2010-06-17 18:52:19', '2010-06-17 18:52:19', NULL, '127.0.0.1', NULL, '2010-06-17 18:52:19', '2010-06-17 18:52:19')[0m
  [4;35;1mSQL (33.0ms)[0m   [0mCOMMIT[0m
Redirected to http://localhost:3000/account
Completed in 199ms (DB: 56) | 302 Found [http://localhost/account]
  [4;36;1mSQL (0.1ms)[0m   [0;1mSET NAMES 'utf8'[0m
  [4;35;1mSQL (0.1ms)[0m   [0mSET SQL_AUTO_IS_NULL=0[0m


Processing UsersController#show (for 127.0.0.1 at 2010-06-17 14:52:20) [GET]
  Parameters: {"controller"=>"users", "action"=>"show"}
  [4;36;1mUser Columns (0.7ms)[0m   [0;1mSHOW FIELDS FROM `users`[0m
  [4;35;1mUser Load (0.3ms)[0m   [0mSELECT * FROM `users` WHERE (`users`.`persistence_token` = '99b225a402c6a1f3b912f9c37a2a91c66640a730efb2161fc890d49819bf75baf79c37b8ead48ea581c2a9383add25459d9d60a972452f92be9252c08d67d8fe') LIMIT 1[0m
  [4;36;1mSQL (0.1ms)[0m   [0;1mBEGIN[0m
  [4;35;1mUser Update (0.2ms)[0m   [0mUPDATE `users` SET `last_request_at` = '2010-06-17 18:52:20', `perishable_token` = 'gYi1vFSg97p50juoXnYE', `updated_at` = '2010-06-17 18:52:20' WHERE `id` = 1[0m
  [4;36;1mSQL (49.1ms)[0m   [0;1mCOMMIT[0m
Rendering template within layouts/application
Rendering users/show
Rendered home/_login (0.2ms)
Completed in 75ms (View: 8, DB: 51) | 200 OK [http://localhost/account]
  [4;35;1mSQL (0.1ms)[0m   [0mSET NAMES 'utf8'[0m
  [4;36;1mSQL (0.1ms)[0m   [0;1mSET SQL_AUTO_IS_NULL=0[0m


Processing ApplicationController#index (for 127.0.0.1 at 2010-06-17 14:52:20) [GET]

ActionController::RoutingError (No route matches "/css/box.jpg" with {:method=>:get}):
  <internal:prelude>:8:in `synchronize'
  /usr/lib/ruby/1.9.1/webrick/httpserver.rb:111:in `service'
  /usr/lib/ruby/1.9.1/webrick/httpserver.rb:70:in `run'
  /usr/lib/ruby/1.9.1/webrick/server.rb:183:in `block in start_thread'

Rendering rescues/layout (not_found)
  [4;35;1mSQL (0.1ms)[0m   [0mSET NAMES 'utf8'[0m
  [4;36;1mSQL (0.1ms)[0m   [0;1mSET SQL_AUTO_IS_NULL=0[0m


Processing HomeController#index (for 127.0.0.1 at 2010-06-17 14:52:22) [GET]
  Parameters: {"controller"=>"home", "action"=>"index"}
Rendering template within layouts/application
Rendering home/index
  [4;35;1mUser Columns (0.7ms)[0m   [0mSHOW FIELDS FROM `users`[0m
  [4;36;1mUser Load (0.3ms)[0m   [0;1mSELECT * FROM `users` WHERE (`users`.`persistence_token` = '99b225a402c6a1f3b912f9c37a2a91c66640a730efb2161fc890d49819bf75baf79c37b8ead48ea581c2a9383add25459d9d60a972452f92be9252c08d67d8fe') LIMIT 1[0m
  [4;35;1mSQL (0.1ms)[0m   [0mBEGIN[0m
  [4;36;1mUser Update (0.2ms)[0m   [0;1mUPDATE `users` SET `last_request_at` = '2010-06-17 18:52:22', `perishable_token` = '_jQpfIPxDn3AZ3SV7sk1', `updated_at` = '2010-06-17 18:52:22' WHERE `id` = 1[0m
  [4;35;1mSQL (70.9ms)[0m   [0mCOMMIT[0m
Rendered home/_login (87.2ms)
Completed in 90ms (View: 16, DB: 72) | 200 OK [http://localhost/home]
  [4;36;1mSQL (0.1ms)[0m   [0;1mSET NAMES 'utf8'[0m
  [4;35;1mSQL (0.1ms)[0m   [0mSET SQL_AUTO_IS_NULL=0[0m


Processing ApplicationController#index (for 127.0.0.1 at 2010-06-17 14:52:23) [GET]

ActionController::RoutingError (No route matches "/css/box.jpg" with {:method=>:get}):
  <internal:prelude>:8:in `synchronize'
  /usr/lib/ruby/1.9.1/webrick/httpserver.rb:111:in `service'
  /usr/lib/ruby/1.9.1/webrick/httpserver.rb:70:in `run'
  /usr/lib/ruby/1.9.1/webrick/server.rb:183:in `block in start_thread'

Rendering rescues/layout (not_found)
